This is pdfTeX, Version 3.14159265-2.6-1.40.19 (MiKTeX 2.9.6840 64-bit) (preloaded format=pdflatex 2018.12.2)  3 DEC 2018 23:16
entering extended mode
**./final_report_template.tex
(final_report_template.tex
LaTeX2e <2018-04-01> patch level 5
(uonmathreport.cls
Document Class: uonmathreport 2013/07/25 Modified LaTeX document class
("C:\Program Files\MiKTeX 2.9\tex\latex\amsmath\amsmath.sty"
Package: amsmath 2017/09/02 v2.17a AMS math features
\@mathmargin=\skip41

For additional information on amsmath, use the `?' option.
("C:\Program Files\MiKTeX 2.9\tex\latex\amsmath\amstext.sty"
Package: amstext 2000/06/29 v2.01 AMS text

("C:\Program Files\MiKTeX 2.9\tex\latex\amsmath\amsgen.sty"
File: amsgen.sty 1999/11/30 v2.0 generic functions
\@emptytoks=\toks14
\ex@=\dimen102
))
("C:\Program Files\MiKTeX 2.9\tex\latex\amsmath\amsbsy.sty"
Package: amsbsy 1999/11/29 v1.2d Bold Symbols
\pmbraise@=\dimen103
)
("C:\Program Files\MiKTeX 2.9\tex\latex\amsmath\amsopn.sty"
Package: amsopn 2016/03/08 v2.02 operator names
)
\inf@bad=\count80
LaTeX Info: Redefining \frac on input line 213.
\uproot@=\count81
\leftroot@=\count82
LaTeX Info: Redefining \overline on input line 375.
\classnum@=\count83
\DOTSCASE@=\count84
LaTeX Info: Redefining \ldots on input line 472.
LaTeX Info: Redefining \dots on input line 475.
LaTeX Info: Redefining \cdots on input line 596.
\Mathstrutbox@=\box26
\strutbox@=\box27
\big@size=\dimen104
LaTeX Font Info:    Redeclaring font encoding OML on input line 712.
LaTeX Font Info:    Redeclaring font encoding OMS on input line 713.
\macc@depth=\count85
\c@MaxMatrixCols=\count86
\dotsspace@=\muskip10
\c@parentequation=\count87
\dspbrk@lvl=\count88
\tag@help=\toks15
\row@=\count89
\column@=\count90
\maxfields@=\count91
\andhelp@=\toks16
\eqnshift@=\dimen105
\alignsep@=\dimen106
\tagshift@=\dimen107
\tagwidth@=\dimen108
\totwidth@=\dimen109
\lineht@=\dimen110
\@envbody=\toks17
\multlinegap=\skip42
\multlinetaggap=\skip43
\mathdisplay@stack=\toks18
LaTeX Info: Redefining \[ on input line 2817.
LaTeX Info: Redefining \] on input line 2818.
)
("C:\Program Files\MiKTeX 2.9\tex\latex\amsfonts\amssymb.sty"
Package: amssymb 2013/01/14 v3.01 AMS font symbols

("C:\Program Files\MiKTeX 2.9\tex\latex\amsfonts\amsfonts.sty"
Package: amsfonts 2013/01/14 v3.01 Basic AMSFonts support
\symAMSa=\mathgroup4
\symAMSb=\mathgroup5
LaTeX Font Info:    Overwriting math alphabet `\mathfrak' in version `bold'
(Font)                  U/euf/m/n --> U/euf/b/n on input line 106.
))
("C:\Program Files\MiKTeX 2.9\tex\latex\base\size12.clo"
File: size12.clo 2014/09/29 v1.4h Standard LaTeX file (size option)
)
\c@part=\count92
\c@section=\count93
\c@subsection=\count94
\c@subsubsection=\count95
\c@paragraph=\count96
\c@subparagraph=\count97
\c@figure=\count98
\c@table=\count99
\abovecaptionskip=\skip44
\belowcaptionskip=\skip45
\bibindent=\dimen111

("C:\Program Files\MiKTeX 2.9\tex\latex\geometry\geometry.sty"
Package: geometry 2018/04/16 v5.8 Page Geometry

("C:\Program Files\MiKTeX 2.9\tex\latex\graphics\keyval.sty"
Package: keyval 2014/10/28 v1.15 key=value parser (DPC)
\KV@toks@=\toks19
)
("C:\Program Files\MiKTeX 2.9\tex\generic\oberdiek\ifpdf.sty"
Package: ifpdf 2018/09/07 v3.3 Provides the ifpdf switch
)
("C:\Program Files\MiKTeX 2.9\tex\generic\oberdiek\ifvtex.sty"
Package: ifvtex 2016/05/16 v1.6 Detect VTeX and its facilities (HO)
Package ifvtex Info: VTeX not detected.
)
("C:\Program Files\MiKTeX 2.9\tex\generic\ifxetex\ifxetex.sty"
Package: ifxetex 2010/09/12 v0.6 Provides ifxetex conditional
)
\Gm@cnth=\count100
\Gm@cntv=\count101
\c@Gm@tempcnt=\count102
\Gm@bindingoffset=\dimen112
\Gm@wd@mp=\dimen113
\Gm@odd@mp=\dimen114
\Gm@even@mp=\dimen115
\Gm@layoutwidth=\dimen116
\Gm@layoutheight=\dimen117
\Gm@layouthoffset=\dimen118
\Gm@layoutvoffset=\dimen119
\Gm@dimlist=\toks20

("C:\Program Files\MiKTeX 2.9\tex\latex\geometry\geometry.cfg")))
("C:\Program Files\MiKTeX 2.9\tex\latex\graphics\graphicx.sty"
Package: graphicx 2017/06/01 v1.1a Enhanced LaTeX Graphics (DPC,SPQR)

("C:\Program Files\MiKTeX 2.9\tex\latex\graphics\graphics.sty"
Package: graphics 2017/06/25 v1.2c Standard LaTeX Graphics (DPC,SPQR)

("C:\Program Files\MiKTeX 2.9\tex\latex\graphics\trig.sty"
Package: trig 2016/01/03 v1.10 sin cos tan (DPC)
)
("C:\Program Files\MiKTeX 2.9\tex\latex\graphics-cfg\graphics.cfg"
File: graphics.cfg 2016/06/04 v1.11 sample graphics configuration
)
Package graphics Info: Driver file: pdftex.def on input line 99.

("C:\Program Files\MiKTeX 2.9\tex\latex\graphics-def\pdftex.def"
File: pdftex.def 2018/01/08 v1.0l Graphics/color driver for pdftex
))
\Gin@req@height=\dimen120
\Gin@req@width=\dimen121
)
("C:\Program Files\MiKTeX 2.9\tex\latex\capt-of\capt-of.sty"
Package: capt-of 2009/12/29 v0.2 standard captions outside of floats
)
("C:\Program Files\MiKTeX 2.9\tex\latex\floatrow\floatrow.sty"
Package: floatrow 2008/08/02 v0.3b floatrow: float package extension

("C:\Program Files\MiKTeX 2.9\tex\latex\caption\caption3.sty"
Package: caption3 2018/09/12 v1.8c caption3 kernel (AR)
Package caption3 Info: TeX engine: e-TeX on input line 64.
\captionmargin=\dimen122
\captionmargin@=\dimen123
\captionwidth=\dimen124
\caption@tempdima=\dimen125
\caption@indent=\dimen126
\caption@parindent=\dimen127
\caption@hangindent=\dimen128
)
\c@float@type=\count103
\float@exts=\toks21
\float@box=\box28
\@floatcapt=\box29
Package floatrow Info: Modified float package code loaded on input line 455.
Package floatrow Info: Modified rotfloat package code loaded on input line 473.

\FR@everyfloat=\toks22
\flrow@foot=\insert199
\FB@wd=\dimen129
\FBo@wd=\dimen130
\FBc@wd=\dimen131
\FBo@ht=\skip46
\FBc@ht=\skip47
\FBf@ht=\skip48
\FBo@max=\skip49
\FBc@max=\skip50
\FBf@max=\skip51
\c@FBl@b=\count104
\floatbox@depth=\count105
\c@FRobj=\count106
\c@FRsobj=\count107
\Xhsize=\skip52
\sXhsize=\skip53
\Zhsize=\skip54
\sZhsize=\skip55
\flrow@rowbox=\box30
\FR@Zunitlength=\dimen132
\c@FBcnt=\count108
\FPOScnt=\count109
\LTleft=\skip56
\LTright=\skip57
\LTleft=\skip58
\LTright=\skip59
\flrow@types=\toks23
)
("C:\Program Files\MiKTeX 2.9\tex\latex\blindtext\blindtext.sty"
Package: blindtext 2012/01/06 V2.0 blindtext-Package

("C:\Program Files\MiKTeX 2.9\tex\latex\tools\xspace.sty"
Package: xspace 2014/10/28 v1.13 Space after command names (DPC,MH)
)
\c@blindtext=\count110
\c@Blindtext=\count111
\c@blind@countparstart=\count112
\blind@countxx=\count113
\blindtext@numBlindtext=\count114
\blind@countyy=\count115
\c@blindlist=\count116
\c@blindlistlevel=\count117
\c@blindlist@level=\count118
\blind@listitem=\count119
\c@blind@listcount=\count120
\c@blind@levelcount=\count121
\blind@mathformula=\count122
\blind@Mathformula=\count123
\c@blind@randomcount=\count124
\c@blind@randommax=\count125
\c@blind@pangramcount=\count126
\c@blind@pangrammax=\count127
)
("C:\Program Files\MiKTeX 2.9\tex\latex\amscls\amsthm.sty"
Package: amsthm 2017/10/31 v2.20.4
\thm@style=\toks24
\thm@bodyfont=\toks25
\thm@headfont=\toks26
\thm@notefont=\toks27
\thm@headpunct=\toks28
\thm@preskip=\skip60
\thm@postskip=\skip61
\thm@headsep=\skip62
\dth@everypar=\toks29
)
("C:\Program Files\MiKTeX 2.9\tex\latex\bigints\bigints.sty"
Package: bigints 2010/02/15 Writing big integrals
Package bigints Info: This is Bigints by Merciadri Luca. on input line 5.
)
("C:\Program Files\MiKTeX 2.9\tex\latex\relsize\relsize.sty"
Package: relsize 2013/03/29 ver 4.1
)
("C:\Program Files\MiKTeX 2.9\tex\latex\pgf\frontendlayer\tikz.sty"
("C:\Program Files\MiKTeX 2.9\tex\latex\pgf\basiclayer\pgf.sty"
("C:\Program Files\MiKTeX 2.9\tex\latex\pgf\utilities\pgfrcs.sty"
("C:\Program Files\MiKTeX 2.9\tex\generic\pgf\utilities\pgfutil-common.tex"
\pgfutil@everybye=\toks30
\pgfutil@tempdima=\dimen133
\pgfutil@tempdimb=\dimen134

("C:\Program Files\MiKTeX 2.9\tex\generic\pgf\utilities\pgfutil-common-lists.te
x")) ("C:\Program Files\MiKTeX 2.9\tex\generic\pgf\utilities\pgfutil-latex.def"
\pgfutil@abb=\box31
("C:\Program Files\MiKTeX 2.9\tex\latex\ms\everyshi.sty"
Package: everyshi 2001/05/15 v3.00 EveryShipout Package (MS)
))
("C:\Program Files\MiKTeX 2.9\tex\generic\pgf\utilities\pgfrcs.code.tex"
Package: pgfrcs 2015/08/07 v3.0.1a (rcs-revision 1.31)
))
Package: pgf 2015/08/07 v3.0.1a (rcs-revision 1.15)

("C:\Program Files\MiKTeX 2.9\tex\latex\pgf\basiclayer\pgfcore.sty"
("C:\Program Files\MiKTeX 2.9\tex\latex\pgf\systemlayer\pgfsys.sty"
("C:\Program Files\MiKTeX 2.9\tex\generic\pgf\systemlayer\pgfsys.code.tex"
Package: pgfsys 2014/07/09 v3.0.1a (rcs-revision 1.48)

("C:\Program Files\MiKTeX 2.9\tex\generic\pgf\utilities\pgfkeys.code.tex"
\pgfkeys@pathtoks=\toks31
\pgfkeys@temptoks=\toks32

("C:\Program Files\MiKTeX 2.9\tex\generic\pgf\utilities\pgfkeysfiltered.code.te
x"
\pgfkeys@tmptoks=\toks33
))
\pgf@x=\dimen135
\pgf@y=\dimen136
\pgf@xa=\dimen137
\pgf@ya=\dimen138
\pgf@xb=\dimen139
\pgf@yb=\dimen140
\pgf@xc=\dimen141
\pgf@yc=\dimen142
\w@pgf@writea=\write3
\r@pgf@reada=\read1
\c@pgf@counta=\count128
\c@pgf@countb=\count129
\c@pgf@countc=\count130
\c@pgf@countd=\count131
\t@pgf@toka=\toks34
\t@pgf@tokb=\toks35
\t@pgf@tokc=\toks36
 ("C:\Program Files\MiKTeX 2.9\tex\generic\pgf\systemlayer\pgf.cfg"
File: pgf.cfg 2008/05/14  (rcs-revision 1.7)
)
Driver file for pgf: pgfsys-pdftex.def

("C:\Program Files\MiKTeX 2.9\tex\generic\pgf\systemlayer\pgfsys-pdftex.def"
File: pgfsys-pdftex.def 2014/10/11  (rcs-revision 1.35)

("C:\Program Files\MiKTeX 2.9\tex\generic\pgf\systemlayer\pgfsys-common-pdf.def
"
File: pgfsys-common-pdf.def 2013/10/10  (rcs-revision 1.13)
)))
("C:\Program Files\MiKTeX 2.9\tex\generic\pgf\systemlayer\pgfsyssoftpath.code.t
ex"
File: pgfsyssoftpath.code.tex 2013/09/09  (rcs-revision 1.9)
\pgfsyssoftpath@smallbuffer@items=\count132
\pgfsyssoftpath@bigbuffer@items=\count133
)
("C:\Program Files\MiKTeX 2.9\tex\generic\pgf\systemlayer\pgfsysprotocol.code.t
ex"
File: pgfsysprotocol.code.tex 2006/10/16  (rcs-revision 1.4)
)) ("C:\Program Files\MiKTeX 2.9\tex\latex\xcolor\xcolor.sty"
Package: xcolor 2016/05/11 v2.12 LaTeX color extensions (UK)

("C:\Program Files\MiKTeX 2.9\tex\latex\graphics-cfg\color.cfg"
File: color.cfg 2016/01/02 v1.6 sample color configuration
)
Package xcolor Info: Driver file: pdftex.def on input line 225.
Package xcolor Info: Model `cmy' substituted by `cmy0' on input line 1348.
Package xcolor Info: Model `hsb' substituted by `rgb' on input line 1352.
Package xcolor Info: Model `RGB' extended on input line 1364.
Package xcolor Info: Model `HTML' substituted by `rgb' on input line 1366.
Package xcolor Info: Model `Hsb' substituted by `hsb' on input line 1367.
Package xcolor Info: Model `tHsb' substituted by `hsb' on input line 1368.
Package xcolor Info: Model `HSB' substituted by `hsb' on input line 1369.
Package xcolor Info: Model `Gray' substituted by `gray' on input line 1370.
Package xcolor Info: Model `wave' substituted by `hsb' on input line 1371.
)
("C:\Program Files\MiKTeX 2.9\tex\generic\pgf\basiclayer\pgfcore.code.tex"
Package: pgfcore 2010/04/11 v3.0.1a (rcs-revision 1.7)

("C:\Program Files\MiKTeX 2.9\tex\generic\pgf\math\pgfmath.code.tex"
("C:\Program Files\MiKTeX 2.9\tex\generic\pgf\math\pgfmathcalc.code.tex"
("C:\Program Files\MiKTeX 2.9\tex\generic\pgf\math\pgfmathutil.code.tex")
("C:\Program Files\MiKTeX 2.9\tex\generic\pgf\math\pgfmathparser.code.tex"
\pgfmath@dimen=\dimen143
\pgfmath@count=\count134
\pgfmath@box=\box32
\pgfmath@toks=\toks37
\pgfmath@stack@operand=\toks38
\pgfmath@stack@operation=\toks39
)
("C:\Program Files\MiKTeX 2.9\tex\generic\pgf\math\pgfmathfunctions.code.tex"
("C:\Program Files\MiKTeX 2.9\tex\generic\pgf\math\pgfmathfunctions.basic.code.
tex")
("C:\Program Files\MiKTeX 2.9\tex\generic\pgf\math\pgfmathfunctions.trigonometr
ic.code.tex")
("C:\Program Files\MiKTeX 2.9\tex\generic\pgf\math\pgfmathfunctions.random.code
.tex")
("C:\Program Files\MiKTeX 2.9\tex\generic\pgf\math\pgfmathfunctions.comparison.
code.tex")
("C:\Program Files\MiKTeX 2.9\tex\generic\pgf\math\pgfmathfunctions.base.code.t
ex")
("C:\Program Files\MiKTeX 2.9\tex\generic\pgf\math\pgfmathfunctions.round.code.
tex")
("C:\Program Files\MiKTeX 2.9\tex\generic\pgf\math\pgfmathfunctions.misc.code.t
ex")
("C:\Program Files\MiKTeX 2.9\tex\generic\pgf\math\pgfmathfunctions.integerarit
hmetics.code.tex")))
("C:\Program Files\MiKTeX 2.9\tex\generic\pgf\math\pgfmathfloat.code.tex"
\c@pgfmathroundto@lastzeros=\count135
))
("C:\Program Files\MiKTeX 2.9\tex\generic\pgf\basiclayer\pgfcorepoints.code.tex
"
File: pgfcorepoints.code.tex 2013/10/07  (rcs-revision 1.27)
\pgf@picminx=\dimen144
\pgf@picmaxx=\dimen145
\pgf@picminy=\dimen146
\pgf@picmaxy=\dimen147
\pgf@pathminx=\dimen148
\pgf@pathmaxx=\dimen149
\pgf@pathminy=\dimen150
\pgf@pathmaxy=\dimen151
\pgf@xx=\dimen152
\pgf@xy=\dimen153
\pgf@yx=\dimen154
\pgf@yy=\dimen155
\pgf@zx=\dimen156
\pgf@zy=\dimen157
)
("C:\Program Files\MiKTeX 2.9\tex\generic\pgf\basiclayer\pgfcorepathconstruct.c
ode.tex"
File: pgfcorepathconstruct.code.tex 2013/10/07  (rcs-revision 1.29)
\pgf@path@lastx=\dimen158
\pgf@path@lasty=\dimen159
)
("C:\Program Files\MiKTeX 2.9\tex\generic\pgf\basiclayer\pgfcorepathusage.code.
tex"
File: pgfcorepathusage.code.tex 2014/11/02  (rcs-revision 1.24)
\pgf@shorten@end@additional=\dimen160
\pgf@shorten@start@additional=\dimen161
)
("C:\Program Files\MiKTeX 2.9\tex\generic\pgf\basiclayer\pgfcorescopes.code.tex
"
File: pgfcorescopes.code.tex 2015/05/08  (rcs-revision 1.46)
\pgfpic=\box33
\pgf@hbox=\box34
\pgf@layerbox@main=\box35
\pgf@picture@serial@count=\count136
)
("C:\Program Files\MiKTeX 2.9\tex\generic\pgf\basiclayer\pgfcoregraphicstate.co
de.tex"
File: pgfcoregraphicstate.code.tex 2014/11/02  (rcs-revision 1.12)
\pgflinewidth=\dimen162
)
("C:\Program Files\MiKTeX 2.9\tex\generic\pgf\basiclayer\pgfcoretransformations
.code.tex"
File: pgfcoretransformations.code.tex 2015/08/07  (rcs-revision 1.20)
\pgf@pt@x=\dimen163
\pgf@pt@y=\dimen164
\pgf@pt@temp=\dimen165
)
("C:\Program Files\MiKTeX 2.9\tex\generic\pgf\basiclayer\pgfcorequick.code.tex"
File: pgfcorequick.code.tex 2008/10/09  (rcs-revision 1.3)
)
("C:\Program Files\MiKTeX 2.9\tex\generic\pgf\basiclayer\pgfcoreobjects.code.te
x"
File: pgfcoreobjects.code.tex 2006/10/11  (rcs-revision 1.2)
)
("C:\Program Files\MiKTeX 2.9\tex\generic\pgf\basiclayer\pgfcorepathprocessing.
code.tex"
File: pgfcorepathprocessing.code.tex 2013/09/09  (rcs-revision 1.9)
)
("C:\Program Files\MiKTeX 2.9\tex\generic\pgf\basiclayer\pgfcorearrows.code.tex
"
File: pgfcorearrows.code.tex 2015/05/14  (rcs-revision 1.43)
\pgfarrowsep=\dimen166
)
("C:\Program Files\MiKTeX 2.9\tex\generic\pgf\basiclayer\pgfcoreshade.code.tex"
File: pgfcoreshade.code.tex 2013/07/15  (rcs-revision 1.15)
\pgf@max=\dimen167
\pgf@sys@shading@range@num=\count137
) ("C:\Program Files\MiKTeX 2.9\tex\generic\pgf\basiclayer\pgfcoreimage.code.te
x"
File: pgfcoreimage.code.tex 2013/07/15  (rcs-revision 1.18)

("C:\Program Files\MiKTeX 2.9\tex\generic\pgf\basiclayer\pgfcoreexternal.code.t
ex"
File: pgfcoreexternal.code.tex 2014/07/09  (rcs-revision 1.21)
\pgfexternal@startupbox=\box36
))
("C:\Program Files\MiKTeX 2.9\tex\generic\pgf\basiclayer\pgfcorelayers.code.tex
"
File: pgfcorelayers.code.tex 2013/07/18  (rcs-revision 1.7)
)
("C:\Program Files\MiKTeX 2.9\tex\generic\pgf\basiclayer\pgfcoretransparency.co
de.tex"
File: pgfcoretransparency.code.tex 2013/09/30  (rcs-revision 1.5)
)
("C:\Program Files\MiKTeX 2.9\tex\generic\pgf\basiclayer\pgfcorepatterns.code.t
ex"
File: pgfcorepatterns.code.tex 2013/11/07  (rcs-revision 1.5)
)))
("C:\Program Files\MiKTeX 2.9\tex\generic\pgf\modules\pgfmoduleshapes.code.tex"
File: pgfmoduleshapes.code.tex 2014/03/21  (rcs-revision 1.35)
\pgfnodeparttextbox=\box37
) ("C:\Program Files\MiKTeX 2.9\tex\generic\pgf\modules\pgfmoduleplot.code.tex"
File: pgfmoduleplot.code.tex 2015/08/03  (rcs-revision 1.13)
)
("C:\Program Files\MiKTeX 2.9\tex\latex\pgf\compatibility\pgfcomp-version-0-65.
sty"
Package: pgfcomp-version-0-65 2007/07/03 v3.0.1a (rcs-revision 1.7)
\pgf@nodesepstart=\dimen168
\pgf@nodesepend=\dimen169
)
("C:\Program Files\MiKTeX 2.9\tex\latex\pgf\compatibility\pgfcomp-version-1-18.
sty"
Package: pgfcomp-version-1-18 2007/07/23 v3.0.1a (rcs-revision 1.1)
)) ("C:\Program Files\MiKTeX 2.9\tex\latex\pgf\utilities\pgffor.sty"
("C:\Program Files\MiKTeX 2.9\tex\latex\pgf\utilities\pgfkeys.sty"
("C:\Program Files\MiKTeX 2.9\tex\generic\pgf\utilities\pgfkeys.code.tex"))
("C:\Program Files\MiKTeX 2.9\tex\latex\pgf\math\pgfmath.sty"
("C:\Program Files\MiKTeX 2.9\tex\generic\pgf\math\pgfmath.code.tex"))
("C:\Program Files\MiKTeX 2.9\tex\generic\pgf\utilities\pgffor.code.tex"
Package: pgffor 2013/12/13 v3.0.1a (rcs-revision 1.25)

("C:\Program Files\MiKTeX 2.9\tex\generic\pgf\math\pgfmath.code.tex")
\pgffor@iter=\dimen170
\pgffor@skip=\dimen171
\pgffor@stack=\toks40
\pgffor@toks=\toks41
))
("C:\Program Files\MiKTeX 2.9\tex\generic\pgf\frontendlayer\tikz\tikz.code.tex"
Package: tikz 2015/08/07 v3.0.1a (rcs-revision 1.151)

("C:\Program Files\MiKTeX 2.9\tex\generic\pgf\libraries\pgflibraryplothandlers.
code.tex"
File: pgflibraryplothandlers.code.tex 2013/08/31 v3.0.1a (rcs-revision 1.20)
\pgf@plot@mark@count=\count138
\pgfplotmarksize=\dimen172
)
\tikz@lastx=\dimen173
\tikz@lasty=\dimen174
\tikz@lastxsaved=\dimen175
\tikz@lastysaved=\dimen176
\tikzleveldistance=\dimen177
\tikzsiblingdistance=\dimen178
\tikz@figbox=\box38
\tikz@figbox@bg=\box39
\tikz@tempbox=\box40
\tikz@tempbox@bg=\box41
\tikztreelevel=\count139
\tikznumberofchildren=\count140
\tikznumberofcurrentchild=\count141
\tikz@fig@count=\count142

("C:\Program Files\MiKTeX 2.9\tex\generic\pgf\modules\pgfmodulematrix.code.tex"
File: pgfmodulematrix.code.tex 2013/09/17  (rcs-revision 1.8)
\pgfmatrixcurrentrow=\count143
\pgfmatrixcurrentcolumn=\count144
\pgf@matrix@numberofcolumns=\count145
)
\tikz@expandcount=\count146

("C:\Program Files\MiKTeX 2.9\tex\generic\pgf\frontendlayer\tikz\libraries\tikz
librarytopaths.code.tex"
File: tikzlibrarytopaths.code.tex 2008/06/17 v3.0.1a (rcs-revision 1.2)
)))
("C:\Program Files\MiKTeX 2.9\tex\latex\listings\listings.sty"
\lst@mode=\count147
\lst@gtempboxa=\box42
\lst@token=\toks42
\lst@length=\count148
\lst@currlwidth=\dimen179
\lst@column=\count149
\lst@pos=\count150
\lst@lostspace=\dimen180
\lst@width=\dimen181
\lst@newlines=\count151
\lst@lineno=\count152
\lst@maxwidth=\dimen182

("C:\Program Files\MiKTeX 2.9\tex\latex\listings\lstmisc.sty"
File: lstmisc.sty 2018/09/02 1.7 (Carsten Heinz)
\c@lstnumber=\count153
\lst@skipnumbers=\count154
\lst@framebox=\box43
)
("C:\Program Files\MiKTeX 2.9\tex\latex\listings\listings.cfg"
File: listings.cfg 2018/09/02 1.7 listings configuration
))
Package: listings 2018/09/02 1.7 (Carsten Heinz)
\c@definition=\count155


Package amsthm Warning: Unknown theoremstyle `problem' on input line 34.

\c@problem=\count156

Package amsthm Warning: Unknown theoremstyle `theorem' on input line 37.

\c@theorem=\count157
(final_report_template.aux

LaTeX Warning: Label `subsec:Function Spaces' multiply defined.


LaTeX Warning: Label `fig:eliptic1' multiply defined.


LaTeX Warning: Label `fig:c' multiply defined.


LaTeX Warning: Label `fig:Heat1' multiply defined.


LaTeX Warning: Label `fig:IndicatorPDE1' multiply defined.


LaTeX Warning: Label `subsubsec:KK Implementation' multiply defined.


LaTeX Warning: Label `subsec:results3' multiply defined.

)
\openout1 = `final_report_template.aux'.

LaTeX Font Info:    Checking defaults for OML/cmm/m/it on input line 74.
LaTeX Font Info:    ... okay on input line 74.
LaTeX Font Info:    Checking defaults for T1/cmr/m/n on input line 74.
LaTeX Font Info:    ... okay on input line 74.
LaTeX Font Info:    Checking defaults for OT1/cmr/m/n on input line 74.
LaTeX Font Info:    ... okay on input line 74.
LaTeX Font Info:    Checking defaults for OMS/cmsy/m/n on input line 74.
LaTeX Font Info:    ... okay on input line 74.
LaTeX Font Info:    Checking defaults for OMX/cmex/m/n on input line 74.
LaTeX Font Info:    ... okay on input line 74.
LaTeX Font Info:    Checking defaults for U/cmr/m/n on input line 74.
LaTeX Font Info:    ... okay on input line 74.

*geometry* driver: auto-detecting
*geometry* detected driver: pdftex
*geometry* verbose mode - [ preamble ] result:
* driver: pdftex
* paper: a4paper
* layout: <same size as paper>
* layoutoffset:(h,v)=(0.0pt,0.0pt)
* modes: 
* h-part:(L,W,R)=(71.13188pt, 455.24411pt, 71.13188pt)
* v-part:(T,H,B)=(71.13188pt, 702.78308pt, 71.13188pt)
* \paperwidth=597.50787pt
* \paperheight=845.04684pt
* \textwidth=455.24411pt
* \textheight=702.78308pt
* \oddsidemargin=-1.1381pt
* \evensidemargin=-1.1381pt
* \topmargin=-38.1381pt
* \headheight=12.0pt
* \headsep=25.0pt
* \topskip=12.0pt
* \footskip=30.0pt
* \marginparwidth=35.0pt
* \marginparsep=10.0pt
* \columnsep=10.0pt
* \skip\footins=10.8pt plus 4.0pt minus 2.0pt
* \hoffset=0.0pt
* \voffset=0.0pt
* \mag=1000
* \@twocolumnfalse
* \@twosidefalse
* \@mparswitchfalse
* \@reversemarginfalse
* (1in=72.27pt=25.4mm, 1cm=28.453pt)

("C:\Program Files\MiKTeX 2.9\tex\context\base\supp-pdf.mkii"
[Loading MPS to PDF converter (version 2006.09.02).]
\scratchcounter=\count158
\scratchdimen=\dimen183
\scratchbox=\box44
\nofMPsegments=\count159
\nofMParguments=\count160
\everyMPshowfont=\toks43
\MPscratchCnt=\count161
\MPscratchDim=\dimen184
\MPnumerator=\count162
\makeMPintoPDFobject=\count163
\everyMPtoPDFconversion=\toks44
) ("C:\Program Files\MiKTeX 2.9\tex\latex\oberdiek\epstopdf-base.sty"
Package: epstopdf-base 2016/05/15 v2.6 Base part for package epstopdf

("C:\Program Files\MiKTeX 2.9\tex\generic\oberdiek\infwarerr.sty"
Package: infwarerr 2016/05/16 v1.4 Providing info/warning/error messages (HO)
)
("C:\Program Files\MiKTeX 2.9\tex\latex\oberdiek\grfext.sty"
Package: grfext 2016/05/16 v1.2 Manage graphics extensions (HO)

("C:\Program Files\MiKTeX 2.9\tex\generic\oberdiek\kvdefinekeys.sty"
Package: kvdefinekeys 2016/05/16 v1.4 Define keys (HO)

("C:\Program Files\MiKTeX 2.9\tex\generic\oberdiek\ltxcmds.sty"
Package: ltxcmds 2016/05/16 v1.23 LaTeX kernel commands for general use (HO)
)))
("C:\Program Files\MiKTeX 2.9\tex\latex\oberdiek\kvoptions.sty"
Package: kvoptions 2016/05/16 v3.12 Key value format for package options (HO)

("C:\Program Files\MiKTeX 2.9\tex\generic\oberdiek\kvsetkeys.sty"
Package: kvsetkeys 2016/05/16 v1.17 Key value parser (HO)

("C:\Program Files\MiKTeX 2.9\tex\generic\oberdiek\etexcmds.sty"
Package: etexcmds 2016/05/16 v1.6 Avoid name clashes with e-TeX commands (HO)

("C:\Program Files\MiKTeX 2.9\tex\generic\oberdiek\ifluatex.sty"
Package: ifluatex 2016/05/16 v1.4 Provides the ifluatex switch (HO)
Package ifluatex Info: LuaTeX not detected.
)
Package etexcmds Info: Could not find \expanded.
(etexcmds)             That can mean that you are not using pdfTeX 1.50 or
(etexcmds)             that some package has redefined \expanded.
(etexcmds)             In the latter case, load this package earlier.
)))
("C:\Program Files\MiKTeX 2.9\tex\generic\oberdiek\pdftexcmds.sty"
Package: pdftexcmds 2018/09/10 v0.29 Utility functions of pdfTeX for LuaTeX (HO
)
Package pdftexcmds Info: LuaTeX not detected.
Package pdftexcmds Info: \pdf@primitive is available.
Package pdftexcmds Info: \pdf@ifprimitive is available.
Package pdftexcmds Info: \pdfdraftmode found.
)
Package epstopdf-base Info: Redefining graphics rule for `.eps' on input line 4
38.
Package grfext Info: Graphics extension search list:
(grfext)             [.pdf,.png,.jpg,.mps,.jpeg,.jbig2,.jb2,.PDF,.PNG,.JPG,.JPE
G,.JBIG2,.JB2,.eps]
(grfext)             \AppendGraphicsExtensions on input line 456.
)
Package caption Info: Begin \AtBeginDocument code.
Package caption Info: End \AtBeginDocument code.

ABD: EveryShipout initializing macros
\c@lstlisting=\count164
\my@gap=\skip63
 [1

{C:/Users/thabo/AppData/Local/MiKTeX/2.9/pdftex/config/pdftex.map}] [2] (final_
report_template.toc
LaTeX Font Info:    Try loading font information for U+msa on input line 3.

("C:\Program Files\MiKTeX 2.9\tex\latex\amsfonts\umsa.fd"
File: umsa.fd 2013/01/14 v3.01 AMS symbols A
)
LaTeX Font Info:    Try loading font information for U+msb on input line 3.

("C:\Program Files\MiKTeX 2.9\tex\latex\amsfonts\umsb.fd"
File: umsb.fd 2013/01/14 v3.01 AMS symbols B
) [3]

LaTeX Warning: Reference `sec:my1' on page 39 undefined on input line 32.

)
\tf@toc=\write4
\openout4 = `final_report_template.toc'.

 [4]

LaTeX Warning: Citation `courant1943' on page 5 undefined on input line 93.


LaTeX Warning: Citation `topper2005option' on page 5 undefined on input line 93
.


LaTeX Warning: Citation `babuska1981posteriori' on page 5 undefined on input li
ne 97.


LaTeX Warning: Citation `eriksson1991adaptive' on page 5 undefined on input lin
e 97.


LaTeX Warning: Citation `johnson1988error' on page 5 undefined on input line 97
.


LaTeX Warning: Citation `morin2008basic' on page 5 undefined on input line 97.


LaTeX Warning: Citation `siebert2011convergence' on page 5 undefined on input l
ine 97.


LaTeX Warning: Citation `Bergam' on page 5 undefined on input line 103.


LaTeX Warning: Reference `sec:background' on page 5 undefined on input line 109
.


LaTeX Warning: Reference `sec:my1' on page 5 undefined on input line 110.


LaTeX Warning: Reference `sec:my2' on page 5 undefined on input line 111.


LaTeX Warning: Reference `sec:my1' on page 5 undefined on input line 114.

[5] [6] [7]

LaTeX Warning: Command \textbullet invalid in math mode on input line 158.

LaTeX Font Info:    Try loading font information for OMS+cmr on input line 158.

("C:\Program Files\MiKTeX 2.9\tex\latex\base\omscmr.fd"
File: omscmr.fd 2014/09/29 v2.5h Standard LaTeX font definitions
)
LaTeX Font Info:    Font shape `OMS/cmr/m/n' in size <12> not available
(Font)              Font shape `OMS/cmsy/m/n' tried instead on input line 158.


LaTeX Warning: Command \textbullet invalid in math mode on input line 158.


LaTeX Warning: Command \textbullet invalid in math mode on input line 158.


LaTeX Warning: Command \textbullet invalid in math mode on input line 158.

[8]
<ParabolicPlots/Heat1.pdf, id=38, 462.52798pt x 346.89601pt>
File: ParabolicPlots/Heat1.pdf Graphic file (type pdf)
<use ParabolicPlots/Heat1.pdf>
Package pdftex.def Info: ParabolicPlots/Heat1.pdf  used on input line 189.
(pdftex.def)             Requested size: 227.62206pt x 170.71628pt.
<ParabolicPlots/Heat2.pdf, id=39, 462.52798pt x 346.89601pt>
File: ParabolicPlots/Heat2.pdf Graphic file (type pdf)
<use ParabolicPlots/Heat2.pdf>
Package pdftex.def Info: ParabolicPlots/Heat2.pdf  used on input line 190.
(pdftex.def)             Requested size: 227.62206pt x 170.71628pt.
 [9

 <./ParabolicPlots/Heat1.pdf> <./ParabolicPlots/Heat2.pdf

pdfTeX warning: pdflatex (file ./ParabolicPlots/Heat2.pdf): PDF inclusion: mult
iple pdfs with page group included in a single page
>]

LaTeX Warning: Citation `larson2013finite' on page 10 undefined on input line 2
04.


LaTeX Warning: Reference `subsec:results1' on page 10 undefined on input line 2
08.

[10

] [11] [12] [13]

LaTeX Warning: Reference `Steady Diffusion1' on page 14 undefined on input line
 371.


Underfull \hbox (badness 10000) in paragraph at lines 373--375

 []

[14

]
<EllipticalPlots/EllipticPDE2.pdf, id=99, 462.52798pt x 346.89601pt>
File: EllipticalPlots/EllipticPDE2.pdf Graphic file (type pdf)
<use EllipticalPlots/EllipticPDE2.pdf>
Package pdftex.def Info: EllipticalPlots/EllipticPDE2.pdf  used on input line 4
31.
(pdftex.def)             Requested size: 227.62206pt x 170.71628pt.


LaTeX Warning: `h' float specifier changed to `ht'.

<EllipticalPlots/EllipticPDE2Convergences.pdf, id=100, 462.52798pt x 346.89601p
t>
File: EllipticalPlots/EllipticPDE2Convergences.pdf Graphic file (type pdf)
<use EllipticalPlots/EllipticPDE2Convergences.pdf>
Package pdftex.def Info: EllipticalPlots/EllipticPDE2Convergences.pdf  used on 
input line 453.
(pdftex.def)             Requested size: 196.66235pt x 147.5003pt.

LaTeX Warning: `!h' float specifier changed to `!ht'.

<EllipticalPlots/EllipticPDE1_hi.pdf, id=101, 462.52798pt x 346.89601pt>
File: EllipticalPlots/EllipticPDE1_hi.pdf Graphic file (type pdf)
<use EllipticalPlots/EllipticPDE1_hi.pdf>
Package pdftex.def Info: EllipticalPlots/EllipticPDE1_hi.pdf  used on input lin
e 460.
(pdftex.def)             Requested size: 227.62206pt x 170.71628pt.

LaTeX Warning: `!h' float specifier changed to `!ht'.


Overfull \hbox (11.09909pt too wide) in paragraph at lines 468--478
[][] 
 []

<EllipticalPlots/EllipticPDE1Convergences.pdf, id=102, 462.52798pt x 346.89601p
t>
File: EllipticalPlots/EllipticPDE1Convergences.pdf Graphic file (type pdf)
<use EllipticalPlots/EllipticPDE1Convergences.pdf>
Package pdftex.def Info: EllipticalPlots/EllipticPDE1Convergences.pdf  used on 
input line 481.
(pdftex.def)             Requested size: 196.66235pt x 147.5003pt.

LaTeX Warning: `!h' float specifier changed to `!ht'.


LaTeX Warning: Reference `eq:stiff' on page 15 undefined on input line 489.

[15]

LaTeX Warning: Text page 16 contains only floats.

[16 <./EllipticalPlots/EllipticPDE2.pdf> <./EllipticalPlots/EllipticPDE2Converg
ences.pdf

pdfTeX warning: pdflatex (file ./EllipticalPlots/EllipticPDE2Convergences.pdf):
 PDF inclusion: multiple pdfs with page group included in a single page
> <./EllipticalPlots/EllipticPDE1_hi.pdf

pdfTeX warning: pdflatex (file ./EllipticalPlots/EllipticPDE1_hi.pdf): PDF incl
usion: multiple pdfs with page group included in a single page
> <./EllipticalPlots/EllipticPDE1Convergences.pdf

pdfTeX warning: pdflatex (file ./EllipticalPlots/EllipticPDE1Convergences.pdf):
 PDF inclusion: multiple pdfs with page group included in a single page
>] ("C:\Program Files\MiKTeX 2.9\tex\latex\listings\lstlang1.sty"
File: lstlang1.sty 2018/09/02 1.7 listings language file
)
("C:\Program Files\MiKTeX 2.9\tex\latex\listings\lstlang1.sty"
File: lstlang1.sty 2018/09/02 1.7 listings language file
)
("C:\Program Files\MiKTeX 2.9\tex\latex\listings\lstmisc.sty"
File: lstmisc.sty 2018/09/02 1.7 (Carsten Heinz)
)

LaTeX Warning: Reference `eq:stiff' on page 17 undefined on input line 509.


LaTeX Warning: Reference `eq:system1' on page 17 undefined on input line 518.


Underfull \hbox (badness 10000) in paragraph at lines 518--519

 []

[17] [18]

LaTeX Warning: Citation `larson2013finite' on page 19 undefined on input line 5
33.

[19

]
Underfull \hbox (badness 10000) in paragraph at lines 581--582

 []

[20

] [21]
<ParabolicPlots/OriginalPDEcoarse.pdf, id=208, 462.52798pt x 346.89601pt>
File: ParabolicPlots/OriginalPDEcoarse.pdf Graphic file (type pdf)
<use ParabolicPlots/OriginalPDEcoarse.pdf>
Package pdftex.def Info: ParabolicPlots/OriginalPDEcoarse.pdf  used on input li
ne 639.
(pdftex.def)             Requested size: 227.62206pt x 170.71628pt.
<ParabolicPlots/OriginalPDEfine.pdf, id=209, 462.52798pt x 346.89601pt>
File: ParabolicPlots/OriginalPDEfine.pdf Graphic file (type pdf)
<use ParabolicPlots/OriginalPDEfine.pdf>
Package pdftex.def Info: ParabolicPlots/OriginalPDEfine.pdf  used on input line
 640.
(pdftex.def)             Requested size: 227.62206pt x 170.71628pt.
<ParabolicPlots/firstPDE3d.pdf, id=210, 462.52798pt x 346.89601pt>
File: ParabolicPlots/firstPDE3d.pdf Graphic file (type pdf)
<use ParabolicPlots/firstPDE3d.pdf>
Package pdftex.def Info: ParabolicPlots/firstPDE3d.pdf  used on input line 648.

(pdftex.def)             Requested size: 227.62206pt x 170.71628pt.
<ParabolicPlots/firstPDE3dfine.pdf, id=211, 462.52798pt x 346.89601pt>
File: ParabolicPlots/firstPDE3dfine.pdf Graphic file (type pdf)
<use ParabolicPlots/firstPDE3dfine.pdf>
Package pdftex.def Info: ParabolicPlots/firstPDE3dfine.pdf  used on input line 
649.
(pdftex.def)             Requested size: 227.62206pt x 170.71628pt.


LaTeX Warning: `h' float specifier changed to `ht'.

<ParabolicPlots/Heat1angle.pdf, id=212, 462.52798pt x 346.89601pt>
File: ParabolicPlots/Heat1angle.pdf Graphic file (type pdf)
<use ParabolicPlots/Heat1angle.pdf>
Package pdftex.def Info: ParabolicPlots/Heat1angle.pdf  used on input line 656.

(pdftex.def)             Requested size: 227.62206pt x 170.71628pt.

LaTeX Warning: `h' float specifier changed to `ht'.

<ParabolicPlots/ParabolicConvergencesOriginal.pdf, id=213, 462.52798pt x 346.89
601pt>
File: ParabolicPlots/ParabolicConvergencesOriginal.pdf Graphic file (type pdf)
<use ParabolicPlots/ParabolicConvergencesOriginal.pdf>
Package pdftex.def Info: ParabolicPlots/ParabolicConvergencesOriginal.pdf  used
 on input line 676.
(pdftex.def)             Requested size: 227.62206pt x 170.71628pt.

LaTeX Warning: `h' float specifier changed to `ht'.

[22 <./ParabolicPlots/OriginalPDEcoarse.pdf> <./ParabolicPlots/OriginalPDEfine.
pdf

pdfTeX warning: pdflatex (file ./ParabolicPlots/OriginalPDEfine.pdf): PDF inclu
sion: multiple pdfs with page group included in a single page
>] [23 <./ParabolicPlots/firstPDE3d.pdf> <./ParabolicPlots/firstPDE3dfine.pdf

pdfTeX warning: pdflatex (file ./ParabolicPlots/firstPDE3dfine.pdf): PDF inclus
ion: multiple pdfs with page group included in a single page
>] [24 <./ParabolicPlots/Heat1angle.pdf> <./ParabolicPlots/ParabolicConvergence
sOriginal.pdf

pdfTeX warning: pdflatex (file ./ParabolicPlots/ParabolicConvergencesOriginal.p
df): PDF inclusion: multiple pdfs with page group included in a single page
>] [25]

LaTeX Warning: Citation `babuska1978posteriori' on page 26 undefined on input l
ine 736.


LaTeX Warning: Citation `babuska1981posteriori' on page 26 undefined on input l
ine 736.


LaTeX Warning: Citation `ainsworth65001posteriori' on page 26 undefined on inpu
t line 740.

[26]

LaTeX Warning: Reference `eq:Steady Diffusion' on page 27 undefined on input li
ne 774.

[27]

LaTeX Warning: Citation `zlamal1978superconvergence' on page 28 undefined on in
put line 816.

[28]
<Aposteriori/IndicatorPDE1.pdf, id=356, 462.52798pt x 346.89601pt>
File: Aposteriori/IndicatorPDE1.pdf Graphic file (type pdf)
<use Aposteriori/IndicatorPDE1.pdf>
Package pdftex.def Info: Aposteriori/IndicatorPDE1.pdf  used on input line 860.

(pdftex.def)             Requested size: 227.62206pt x 170.71628pt.
 [29 <./Aposteriori/IndicatorPDE1.pdf>]
<Aposteriori/IndicatorPDE2.pdf, id=391, 462.52798pt x 346.89601pt>
File: Aposteriori/IndicatorPDE2.pdf Graphic file (type pdf)
<use Aposteriori/IndicatorPDE2.pdf>
Package pdftex.def Info: Aposteriori/IndicatorPDE2.pdf  used on input line 880.

(pdftex.def)             Requested size: 227.62206pt x 170.71628pt.

Overfull \hbox (10.95499pt too wide) in paragraph at lines 891--893
[][][][][][][][][][][][][][][][][][][][][][][][][][][][][] 
 []

[30 <./Aposteriori/IndicatorPDE2.pdf>]
Overfull \hbox (10.95499pt too wide) in paragraph at lines 901--903
[][][][][][][][][][][][][] 
 []


Overfull \hbox (99.15477pt too wide) in paragraph at lines 912--913
[][][][][][][][][][][][][][][][][][][] 
 []


Overfull \hbox (4.655pt too wide) in paragraph at lines 917--918
[][][][][][][][][][][][][][][][][][][][][][] 
 []

[31] [32] [33] [34]

LaTeX Warning: Command \textbullet invalid in math mode on input line 960.

LaTeX Font Info:    Font shape `OMS/cmr/m/it' in size <12> not available
(Font)              Font shape `OMS/cmsy/m/n' tried instead on input line 960.

LaTeX Warning: Command \textbullet invalid in math mode on input line 960.


LaTeX Warning: Command \textbullet invalid in math mode on input line 960.


LaTeX Warning: Command \textbullet invalid in math mode on input line 960.


LaTeX Warning: Command \textbullet invalid in math mode on input line 960.


LaTeX Warning: Command \textbullet invalid in math mode on input line 960.


LaTeX Warning: Command \textbullet invalid in math mode on input line 960.


LaTeX Warning: Command \textbullet invalid in math mode on input line 960.


LaTeX Warning: Command \textbullet invalid in math mode on input line 960.


LaTeX Warning: Command \textbullet invalid in math mode on input line 960.


LaTeX Warning: Command \textbullet invalid in math mode on input line 960.


LaTeX Warning: Command \textbullet invalid in math mode on input line 960.


Overfull \hbox (130.65475pt too wide) in paragraph at lines 983--985
[][][][][][][][][][][][][][][][][][][][][][][][][][][][][][][][][][][] 
 []


Overfull \hbox (55.0549pt too wide) in paragraph at lines 992--994
[][][][][][][][][][][][][][][][][][][][][] 
 []

[35]
Overfull \hbox (199.95462pt too wide) in paragraph at lines 1004--1005
[][][][][][][][][][][][][][][][][][][][][][][][][][][][][][][][][][][][][] 
 []


Overfull \hbox (86.55484pt too wide) in paragraph at lines 1009--1011
[][][][][][][][][][][][][][][][][][][][][][][][][][] 
 []


Overfull \hbox (162.1547pt too wide) in paragraph at lines 1013--1014
[][][][][][][][][][][][][][][][][][][][][][][][][][][][][][][][][][] 
 []


Overfull \hbox (80.25485pt too wide) in paragraph at lines 1017--1018
[][][][][][][][][][][][][][][][][][][][][][][][][][][][][][][][][][][][][] 
 []


Overfull \hbox (162.1547pt too wide) in paragraph at lines 1026--1027
[][][][][][][][][][][][][][][][][][][][][][][][][][][][][][][][][][][][] 
 []


Overfull \hbox (4.655pt too wide) in paragraph at lines 1027--1028
[][][][][][][][][][][][][][][][][][][][][][][][][][][][][][][][][][][][] 
 []


Overfull \hbox (23.55496pt too wide) in paragraph at lines 1034--1035
[][][][][][][][][][][][][][][][][][][][][][][][][][][][][][][][][][][][][][][][
] 
 []

[36]
Overfull \hbox (199.95462pt too wide) in paragraph at lines 1066--1067
[][][][][][][][][][][][][][][][][][][][][][][][][][][][][][][][][][][][][] 
 []

[37]
Overfull \hbox (124.35477pt too wide) in paragraph at lines 1092--1093
[][][][][][][][][][][][][][][][][][][][][][][][][] 
 []


Overfull \hbox (61.35489pt too wide) in paragraph at lines 1110--1111
[][][][][][][][][][][][][][][][][][][][][][][][][][][][][][][][][][][] 
 []

[38]

LaTeX Warning: Reference `sec:my1' on page 39 undefined on input line 1134.


LaTeX Warning: Reference `eq:myeq1' on page 39 undefined on input line 1136.

[39]
No file final_report_template.bbl.
(final_report_template.aux)

LaTeX Warning: There were undefined references.


LaTeX Warning: There were multiply-defined labels.

 ) 
Here is how much of TeX's memory you used:
 16431 strings out of 492970
 305608 string characters out of 3135855
 553462 words of memory out of 3000000
 19987 multiletter control sequences out of 15000+200000
 11117 words of font info for 43 fonts, out of 3000000 for 9000
 1141 hyphenation exceptions out of 8191
 55i,13n,60p,892b,1637s stack positions out of 5000i,500n,10000p,200000b,50000s
<C:/Program Files/MiKTeX 2.9/fonts/type1/public/amsfonts/cm/cmbx12.pfb><C:/Pr
ogram Files/MiKTeX 2.9/fonts/type1/public/amsfonts/cm/cmex10.pfb><C:/Program Fi
les/MiKTeX 2.9/fonts/type1/public/amsfonts/cm/cmmi10.pfb><C:/Program Files/MiKT
eX 2.9/fonts/type1/public/amsfonts/cm/cmmi12.pfb><C:/Program Files/MiKTeX 2.9/f
onts/type1/public/amsfonts/cm/cmr10.pfb><C:/Program Files/MiKTeX 2.9/fonts/type
1/public/amsfonts/cm/cmr12.pfb><C:/Program Files/MiKTeX 2.9/fonts/type1/public/
amsfonts/cm/cmr17.pfb><C:/Program Files/MiKTeX 2.9/fonts/type1/public/amsfonts/
cm/cmr7.pfb><C:/Program Files/MiKTeX 2.9/fonts/type1/public/amsfonts/cm/cmsy10.
pfb><C:/Program Files/MiKTeX 2.9/fonts/type1/public/amsfonts/cm/cmti12.pfb><C:/
Program Files/MiKTeX 2.9/fonts/type1/public/amsfonts/cm/cmtt10.pfb><C:/Program 
Files/MiKTeX 2.9/fonts/type1/public/amsfonts/symbols/msbm10.pfb>
Output written on final_report_template.pdf (39 pages, 387131 bytes).
PDF statistics:
 496 PDF objects out of 1000 (max. 8388607)
 0 named destinations out of 1000 (max. 500000)
 83 words of extra memory for PDF output out of 10000 (max. 10000000)

